<?xml version="1.0" encoding="UTF-8"?>
<!-- Generated by org.testng.reporters.JUnitReportReporter -->
<testsuite hostname="INCHNDL7151BSNC" failures="0" tests="1" name="QATests.NewTest" time="7.201" errors="0" timestamp="2024-01-09T15:06:43 IST" skipped="0">
  <testcase classname="QATests.NewTest" name="smokeTest1" time="7.201"/>
</testsuite> <!-- QATests.NewTest -->
