<?xml version="1.0" encoding="UTF-8"?>
<!-- Generated by org.testng.reporters.JUnitReportReporter -->
<testsuite hostname="INCHNDL7151BSNC" failures="0" tests="2" name="QATests.SmokeTestScripts" time="10.235" errors="0" timestamp="2024-01-09T18:13:19 IST" skipped="0">
  <testcase classname="QATests.SmokeTestScripts" name="smokeTest1" time="4.120"/>
  <testcase classname="QATests.SmokeTestScripts" name="smokeTest2" time="6.115"/>
</testsuite> <!-- QATests.SmokeTestScripts -->
