<?xml version="1.0" encoding="UTF-8"?>
<!-- Generated by org.testng.reporters.JUnitReportReporter -->
<testsuite hostname="INCHNDL7151BSNC" failures="0" tests="2" name="com.sf.qa.testcases.LoginPageTest" time="24.644" errors="0" timestamp="2024-02-06T17:12:28 IST" skipped="0">
  <testcase classname="com.sf.qa.testcases.LoginPageTest" name="verifyHomePage" time="13.043"/>
  <testcase classname="com.sf.qa.testcases.LoginPageTest" name="verifyHomePage_1" time="11.601"/>
</testsuite> <!-- com.sf.qa.testcases.LoginPageTest -->
