<?xml version="1.0" encoding="UTF-8"?>
<!-- Generated by org.testng.reporters.JUnitReportReporter -->
<testsuite hostname="INCHNDL7151BSNC" failures="0" tests="1" name="com.sf.qa.testcases.CasePageTest" time="27.913" errors="0" timestamp="2024-02-06T17:12:28 IST" skipped="0">
  <testcase classname="com.sf.qa.testcases.CasePageTest" name="verifycreateCaseTestCase" time="27.913"/>
</testsuite> <!-- com.sf.qa.testcases.CasePageTest -->
